INFO  11:49:33 Application started. Press Ctrl+C to shut down.
INFO  11:49:33 Application started. Press Ctrl+C to shut down.
INFO  11:49:33 Hosting environment: Development
INFO  11:49:33 Hosting environment: Development
INFO  11:49:33 Content root path: D:\Projects\Cognizant Simulation\BookingApi
INFO  11:49:33 Content root path: D:\Projects\Cognizant Simulation\BookingApi
INFO  11:49:34 Congtroller of Booking appointment
INFO  11:52:22 Application started. Press Ctrl+C to shut down.
INFO  11:52:22 Application started. Press Ctrl+C to shut down.
INFO  11:52:22 Hosting environment: Development
INFO  11:52:22 Hosting environment: Development
INFO  11:52:22 Content root path: D:\Projects\Cognizant Simulation\BookingApi
INFO  11:52:22 Content root path: D:\Projects\Cognizant Simulation\BookingApi
INFO  11:52:58 Congtroller of Booking appointment
INFO  11:56:08 Congtroller of Booking appointment
INFO  12:01:40 Congtroller of Booking appointment
INFO  12:04:02 Congtroller of Booking appointment
INFO  12:28:50 Application started. Press Ctrl+C to shut down.
INFO  12:28:50 Application started. Press Ctrl+C to shut down.
INFO  12:28:50 Hosting environment: Development
INFO  12:28:50 Hosting environment: Development
INFO  12:28:50 Content root path: D:\Projects\Cognizant Simulation\BookingApi
INFO  12:28:50 Content root path: D:\Projects\Cognizant Simulation\BookingApi
INFO  12:29:21 Congtroller of Booking appointment
INFO  12:31:42 Congtroller of Booking appointment
INFO  02:27:41 Application started. Press Ctrl+C to shut down.
INFO  02:27:41 Application started. Press Ctrl+C to shut down.
INFO  02:27:41 Hosting environment: Development
INFO  02:27:41 Hosting environment: Development
INFO  02:27:42 Content root path: D:\Projects\Cognizant Simulation\BookingApi
INFO  02:27:42 Content root path: D:\Projects\Cognizant Simulation\BookingApi
INFO  02:29:33 Congtroller of Booking appointment
INFO  02:30:09 Congtroller of Booking appointment
INFO  02:32:29 Congtroller of Booking appointment
INFO  02:32:51 Congtroller of Booking appointment
INFO  09:44:25 Application started. Press Ctrl+C to shut down.
INFO  09:44:25 Application started. Press Ctrl+C to shut down.
INFO  09:44:25 Hosting environment: Development
INFO  09:44:25 Hosting environment: Development
INFO  09:44:25 Content root path: D:\Projects\Cognizant Simulation\BookingApi
INFO  09:44:25 Content root path: D:\Projects\Cognizant Simulation\BookingApi
INFO  09:50:24 Congtroller of Booking appointment
INFO  09:55:28 Congtroller of Booking appointment
INFO  09:59:16 Congtroller of Booking appointment
INFO  10:05:12 Congtroller of Booking appointment
INFO  10:15:15 Congtroller of Booking appointment
INFO  10:17:43 Congtroller of Booking appointment
INFO  10:19:36 Congtroller of Booking appointment
INFO  10:25:36 Congtroller of Booking appointment
INFO  03:52:44 Application started. Press Ctrl+C to shut down.
INFO  03:52:45 Application started. Press Ctrl+C to shut down.
INFO  03:52:45 Hosting environment: Development
INFO  03:52:45 Hosting environment: Development
INFO  03:52:45 Content root path: D:\Projects\Cognizant Simulation\BookingApi
INFO  03:52:45 Content root path: D:\Projects\Cognizant Simulation\BookingApi
INFO  03:54:39 Controller of Booking appointment
INFO  04:01:27 Application started. Press Ctrl+C to shut down.
INFO  04:01:28 Application started. Press Ctrl+C to shut down.
INFO  04:01:28 Hosting environment: Development
INFO  04:01:28 Hosting environment: Development
INFO  04:01:28 Content root path: D:\Projects\Cognizant Simulation\BookingApi
INFO  04:01:28 Content root path: D:\Projects\Cognizant Simulation\BookingApi
INFO  04:02:15 Controller of Booking appointment
INFO  04:02:46 Controller of Booking appointment
INFO  04:03:33 Controller of Booking appointment
INFO  04:04:42 Controller of Booking appointment
INFO  08:56:46 Application started. Press Ctrl+C to shut down.
INFO  08:56:46 Application started. Press Ctrl+C to shut down.
INFO  08:56:46 Hosting environment: Development
INFO  08:56:46 Hosting environment: Development
INFO  08:56:46 Content root path: D:\Projects\Cognizant Simulation\BookingApi
INFO  08:56:46 Content root path: D:\Projects\Cognizant Simulation\BookingApi
INFO  08:56:48 Controller of Booking appointment
INFO  08:57:31 Controller of Booking appointment
INFO  09:12:02 Application started. Press Ctrl+C to shut down.
INFO  09:12:02 Application started. Press Ctrl+C to shut down.
INFO  09:12:02 Hosting environment: Development
INFO  09:12:02 Hosting environment: Development
INFO  09:12:02 Content root path: D:\Projects\Cognizant Simulation\BookingApi
INFO  09:12:02 Content root path: D:\Projects\Cognizant Simulation\BookingApi
INFO  09:21:41 Controller of Booking appointment
INFO  12:43:12 Application started. Press Ctrl+C to shut down.
INFO  12:43:13 Application started. Press Ctrl+C to shut down.
INFO  12:43:13 Hosting environment: Development
INFO  12:43:13 Hosting environment: Development
INFO  12:43:13 Content root path: D:\Projects\Cognizant Simulation\BookingApi
INFO  12:43:13 Content root path: D:\Projects\Cognizant Simulation\BookingApi
INFO  12:50:28 Application started. Press Ctrl+C to shut down.
INFO  12:50:28 Application started. Press Ctrl+C to shut down.
INFO  12:50:29 Hosting environment: Development
INFO  12:50:29 Hosting environment: Development
INFO  12:50:31 Content root path: D:\Projects\Cognizant Simulation\BookingApi
INFO  12:50:31 Content root path: D:\Projects\Cognizant Simulation\BookingApi
INFO  12:54:08 Application started. Press Ctrl+C to shut down.
INFO  12:54:08 Application started. Press Ctrl+C to shut down.
INFO  12:54:08 Hosting environment: Development
INFO  12:54:08 Hosting environment: Development
INFO  12:54:08 Content root path: D:\Projects\Cognizant Simulation\BookingApi
INFO  12:54:08 Content root path: D:\Projects\Cognizant Simulation\BookingApi
INFO  12:55:27 Controller of Booking appointment
INFO  12:57:55 Controller of Booking appointment
INFO  12:58:07 Controller of Booking appointment
INFO  12:58:13 Controller of Booking appointment
INFO  01:06:58 Application started. Press Ctrl+C to shut down.
INFO  01:06:58 Application started. Press Ctrl+C to shut down.
INFO  01:06:59 Hosting environment: Development
INFO  01:06:59 Hosting environment: Development
INFO  01:07:00 Content root path: D:\Projects\Cognizant Simulation\BookingApi
INFO  01:07:00 Content root path: D:\Projects\Cognizant Simulation\BookingApi
INFO  01:08:22 Application started. Press Ctrl+C to shut down.
INFO  01:08:22 Application started. Press Ctrl+C to shut down.
INFO  01:08:22 Hosting environment: Development
INFO  01:08:22 Hosting environment: Development
INFO  01:08:22 Content root path: D:\Projects\Cognizant Simulation\BookingApi
INFO  01:08:22 Content root path: D:\Projects\Cognizant Simulation\BookingApi
INFO  01:10:24 Controller of Booking appointment
INFO  01:10:59 Controller of Booking appointment
INFO  01:11:09 Controller of Booking appointment
